#
# There is insufficient memory for the Java Runtime Environment to continue.
# Native memory allocation (mmap) failed to map 264241152 bytes for G1 virtual space
# Possible reasons:
#   The system is out of physical RAM or swap space
#   The process is running with CompressedOops enabled, and the Java Heap may be blocking the growth of the native heap
# Possible solutions:
#   Reduce memory load on the system
#   Increase physical memory or swap space
#   Check if swap backing store is full
#   Decrease Java heap size (-Xmx/-Xms)
#   Decrease number of Java threads
#   Decrease Java thread stack sizes (-Xss)
#   Set larger code cache with -XX:ReservedCodeCacheSize=
#   JVM is running with Zero Based Compressed Oops mode in which the Java heap is
#     placed in the first 32GB address space. The Java Heap base address is the
#     maximum limit for the native heap growth. Please use -XX:HeapBaseMinAddress
#     to set the Java Heap base and to place the Java Heap above 32GB virtual address.
# This output file may be truncated or incomplete.
#
#  Out of Memory Error (os_windows.cpp:3769), pid=19560, tid=12092
#
# JRE version:  (17.0.6) (build )
# Java VM: OpenJDK 64-Bit Server VM (17.0.6+0-b2043.56-10027231, mixed mode, sharing, tiered, compressed oops, compressed class ptrs, g1 gc, windows-amd64)
# No core dump will be written. Minidumps are not enabled by default on client versions of Windows
#

---------------  S U M M A R Y ------------

Command Line: 

Host: 11th Gen Intel(R) Core(TM) i5-11300H @ 3.10GHz, 8 cores, 15G,  Windows 11 , 64 bit Build 22621 (10.0.22621.3085)
Time: Wed Feb 28 19:31:28 2024 India Standard Time elapsed time: 0.017310 seconds (0d 0h 0m 0s)

---------------  T H R E A D  ---------------

Current thread (0x00000261c5b4b010):  JavaThread "Unknown thread" [_thread_in_vm, id=12092, stack(0x000000a2e8200000,0x000000a2e8300000)]

Stack: [0x000000a2e8200000,0x000000a2e8300000]
Native frames: (J=compiled Java code, j=interpreted, Vv=VM code, C=native code)
V  [jvm.dll+0x683c9a]
V  [jvm.dll+0x8427a4]
V  [jvm.dll+0x843f9e]
V  [jvm.dll+0x844603]
V  [jvm.dll+0x249b75]
V  [jvm.dll+0x680b69]
V  [jvm.dll+0x67505a]
V  [jvm.dll+0x309acb]
V  [jvm.dll+0x310f86]
V  [jvm.dll+0x3608ee]
V  [jvm.dll+0x360b1f]
V  [jvm.dll+0x2dfbf8]
V  [jvm.dll+0x2e0b64]
V  [jvm.dll+0x814091]
V  [jvm.dll+0x36e6a1]
V  [jvm.dll+0x7f35cc]
V  [jvm.dll+0x3f0e8f]
V  [jvm.dll+0x3f29d1]
C  [jli.dll+0x526b]
C  [ucrtbase.dll+0x29363]
C  [KERNEL32.DLL+0x1257d]
C  [ntdll.dll+0x5aa58]


---------------  P R O C E S S  ---------------

Threads class SMR info:
_java_thread_list=0x00007ff851d2c058, length=0, elements={
}

Java Threads: ( => current thread )

Other Threads:
  0x00000261c5bba2f0 GCTaskThread "GC Thread#0" [stack: 0x000000a2e8300000,0x000000a2e8400000] [id=8732]
  0x00000261c5bcae40 ConcurrentGCThread "G1 Main Marker" [stack: 0x000000a2e8400000,0x000000a2e8500000] [id=20192]
  0x00000261c5bcb850 ConcurrentGCThread "G1 Conc#0" [stack: 0x000000a2e8500000,0x000000a2e8600000] [id=17004]

[error occurred during error reporting (printing all threads), id 0xc0000005, EXCEPTION_ACCESS_VIOLATION (0xc0000005) at pc=0x00007ff8514e0797]

VM state: not at safepoint (not fully initialized)

VM Mutex/Monitor currently owned by a thread:  ([mutex/lock_event])
[0x00000261c5b47ae0] Heap_lock - owner thread: 0x00000261c5b4b010

Heap address: 0x0000000704000000, size: 4032 MB, Compressed Oops mode: Zero based, Oop shift amount: 3

CDS archive(s) mapped at: [0x0000000000000000-0x0000000000000000-0x0000000000000000), size 0, SharedBaseAddress: 0x0000000800000000, ArchiveRelocationMode: 0.
Narrow klass base: 0x0000000000000000, Narrow klass shift: 0, Narrow klass range: 0x0

GC Precious Log:
<Empty>

Heap:
 garbage-first heap   total 0K, used 0K [0x0000000704000000, 0x0000000800000000)
  region size 2048K, 0 young (0K), 0 survivors (0K)

[error occurred during error reporting (printing heap information), id 0xc0000005, EXCEPTION_ACCESS_VIOLATION (0xc0000005) at pc=0x00007ff8518cda89]

GC Heap History (0 events):
No events

Dll operation events (1 events):
Event: 0.010 Loaded shared library D:\Flut\ANDROID_STD\jbr\bin\java.dll

Deoptimization events (0 events):
No events

Classes unloaded (0 events):
No events

Classes redefined (0 events):
No events

Internal exceptions (0 events):
No events

VM Operations (0 events):
No events

Events (0 events):
No events


Dynamic libraries:
0x00007ff746030000 - 0x00007ff74603a000 	D:\Flut\ANDROID_STD\jbr\bin\java.EXE
0x00007ff8c6cd0000 - 0x00007ff8c6ee7000 	C:\WINDOWS\SYSTEM32\ntdll.dll
0x00007ff8c5ae0000 - 0x00007ff8c5ba4000 	C:\WINDOWS\System32\KERNEL32.DLL
0x00007ff8c4010000 - 0x00007ff8c43b6000 	C:\WINDOWS\System32\KERNELBASE.dll
0x00007ff8c4670000 - 0x00007ff8c4781000 	C:\WINDOWS\System32\ucrtbase.dll
0x00007ff868890000 - 0x00007ff8688a7000 	D:\Flut\ANDROID_STD\jbr\bin\jli.dll
0x00007ff8a56c0000 - 0x00007ff8a56db000 	D:\Flut\ANDROID_STD\jbr\bin\VCRUNTIME140.dll
0x00007ff8c5850000 - 0x00007ff8c59fe000 	C:\WINDOWS\System32\USER32.dll
0x00007ff8c4640000 - 0x00007ff8c4666000 	C:\WINDOWS\System32\win32u.dll
0x00007ff8aca10000 - 0x00007ff8acca3000 	C:\WINDOWS\WinSxS\amd64_microsoft.windows.common-controls_6595b64144ccf1df_6.0.22621.2506_none_270c5ae97388e100\COMCTL32.dll
0x00007ff8c6c60000 - 0x00007ff8c6c89000 	C:\WINDOWS\System32\GDI32.dll
0x00007ff8c68d0000 - 0x00007ff8c6977000 	C:\WINDOWS\System32\msvcrt.dll
0x00007ff8c4790000 - 0x00007ff8c48a8000 	C:\WINDOWS\System32\gdi32full.dll
0x00007ff8c43c0000 - 0x00007ff8c445a000 	C:\WINDOWS\System32\msvcp_win.dll
0x00007ff8c66d0000 - 0x00007ff8c6701000 	C:\WINDOWS\System32\IMM32.DLL
0x00007ff8c06e0000 - 0x00007ff8c06ec000 	D:\Flut\ANDROID_STD\jbr\bin\vcruntime140_1.dll
0x00007ff88a760000 - 0x00007ff88a7ed000 	D:\Flut\ANDROID_STD\jbr\bin\msvcp140.dll
0x00007ff8511f0000 - 0x00007ff851e5e000 	D:\Flut\ANDROID_STD\jbr\bin\server\jvm.dll
0x00007ff8c6ba0000 - 0x00007ff8c6c53000 	C:\WINDOWS\System32\ADVAPI32.dll
0x00007ff8c4a30000 - 0x00007ff8c4ad8000 	C:\WINDOWS\System32\sechost.dll
0x00007ff8c4610000 - 0x00007ff8c4638000 	C:\WINDOWS\System32\bcrypt.dll
0x00007ff8c6a80000 - 0x00007ff8c6b97000 	C:\WINDOWS\System32\RPCRT4.dll
0x00007ff8baff0000 - 0x00007ff8bb024000 	C:\WINDOWS\SYSTEM32\WINMM.dll
0x00007ff8aa890000 - 0x00007ff8aa899000 	C:\WINDOWS\SYSTEM32\WSOCK32.dll
0x00007ff8b65e0000 - 0x00007ff8b65ea000 	C:\WINDOWS\SYSTEM32\VERSION.dll
0x00007ff8c69f0000 - 0x00007ff8c6a61000 	C:\WINDOWS\System32\WS2_32.dll
0x00007ff8c3140000 - 0x00007ff8c3158000 	C:\WINDOWS\SYSTEM32\kernel.appcore.dll
0x00007ff8aa880000 - 0x00007ff8aa88a000 	D:\Flut\ANDROID_STD\jbr\bin\jimage.dll
0x00007ff8c1830000 - 0x00007ff8c1a63000 	C:\WINDOWS\SYSTEM32\DBGHELP.DLL
0x00007ff8c4ca0000 - 0x00007ff8c5029000 	C:\WINDOWS\System32\combase.dll
0x00007ff8c5a00000 - 0x00007ff8c5ad7000 	C:\WINDOWS\System32\OLEAUT32.dll
0x00007ff8b54f0000 - 0x00007ff8b5522000 	C:\WINDOWS\SYSTEM32\dbgcore.DLL
0x00007ff8c4520000 - 0x00007ff8c459a000 	C:\WINDOWS\System32\bcryptPrimitives.dll
0x00007ff8aa850000 - 0x00007ff8aa875000 	D:\Flut\ANDROID_STD\jbr\bin\java.dll

dbghelp: loaded successfully - version: 4.0.5 - missing functions: none
symbol engine: initialized successfully - sym options: 0x614 - pdb path: .;D:\Flut\ANDROID_STD\jbr\bin;C:\WINDOWS\SYSTEM32;C:\WINDOWS\WinSxS\amd64_microsoft.windows.common-controls_6595b64144ccf1df_6.0.22621.2506_none_270c5ae97388e100;D:\Flut\ANDROID_STD\jbr\bin\server

VM Arguments:
java_command: <unknown>
java_class_path (initial): <not set>
Launcher Type: SUN_STANDARD

[Global flags]
     intx CICompilerCount                          = 4                                         {product} {ergonomic}
     uint ConcGCThreads                            = 2                                         {product} {ergonomic}
     uint G1ConcRefinementThreads                  = 8                                         {product} {ergonomic}
   size_t G1HeapRegionSize                         = 2097152                                   {product} {ergonomic}
    uintx GCDrainStackTargetSize                   = 64                                        {product} {ergonomic}
   size_t InitialHeapSize                          = 264241152                                 {product} {ergonomic}
   size_t MarkStackSize                            = 4194304                                   {product} {ergonomic}
   size_t MaxHeapSize                              = 4227858432                                {product} {ergonomic}
   size_t MinHeapDeltaBytes                        = 2097152                                   {product} {ergonomic}
   size_t MinHeapSize                              = 8388608                                   {product} {ergonomic}
    uintx NonNMethodCodeHeapSize                   = 5839372                                {pd product} {ergonomic}
    uintx NonProfiledCodeHeapSize                  = 122909434                              {pd product} {ergonomic}
    uintx ProfiledCodeHeapSize                     = 122909434                              {pd product} {ergonomic}
    uintx ReservedCodeCacheSize                    = 251658240                              {pd product} {ergonomic}
     bool SegmentedCodeCache                       = true                                      {product} {ergonomic}
   size_t SoftMaxHeapSize                          = 4227858432                             {manageable} {ergonomic}
     bool UseCompressedClassPointers               = true                           {product lp64_product} {ergonomic}
     bool UseCompressedOops                        = true                           {product lp64_product} {ergonomic}
     bool UseG1GC                                  = true                                      {product} {ergonomic}
     bool UseLargePagesIndividualAllocation        = false                                  {pd product} {ergonomic}

Logging:
Log output configuration:
 #0: stdout all=warning uptime,level,tags
 #1: stderr all=off uptime,level,tags

Environment Variables:
PATH=C:\Program Files\Common Files\Oracle\Java\javapath;C:\Program Files\Python310\Scripts\;C:\Program Files\Python310\;C:\Windows\system32;C:\Windows;C:\Windows\System32\Wbem;C:\Windows\System32\WindowsPowerShell\v1.0\;C:\Windows\System32\OpenSSH\;C:\Program Files\NVIDIA Corporation\NVIDIA NvDLISR;C:\Program Files\dotnet\;C:\MinGW\bin;C:\WINDOWS\system32;C:\WINDOWS;C:\WINDOWS\System32\Wbem;C:\WINDOWS\System32\WindowsPowerShell\v1.0\;C:\WINDOWS\System32\OpenSSH\;C:\Program Files\Git\cmd;C:\Program Files (x86)\NVIDIA Corporation\PhysX\Common;C:\Program Files (x86)\Windows Kits\10\Windows Performance Toolkit\;C:\Program Files\nodejs\;C:\Users\prath\AppData\Local\Pub\Cache\bin;C:\Program Files\MySQL\MySQL Shell 8.0\bin\;C:\Users\prath\AppData\Local\Microsoft\WindowsApps;C:\MinGW\bin;C:\Users\prath\AppData\Local\Programs\Microsoft VS Code\bin;C:\Program Files\JetBrains\IntelliJ IDEA Community Edition 2023.1.3\bin;;D:\Flut\flutter\bin;C:\Users\prath\AppData\Roaming\npm;;D:\Flut\flutter\bin\mingit\cmd
USERNAME=prath
OS=Windows_NT
PROCESSOR_IDENTIFIER=Intel64 Family 6 Model 140 Stepping 1, GenuineIntel
TMP=C:\Users\prath\AppData\Local\Temp
TEMP=C:\Users\prath\AppData\Local\Temp


JNI global refs:

[error occurred during error reporting (JNI global references), id 0xc0000005, EXCEPTION_ACCESS_VIOLATION (0xc0000005) at pc=0x00007ff8512a7a10]


---------------  S Y S T E M  ---------------

OS:
 Windows 11 , 64 bit Build 22621 (10.0.22621.3085)
OS uptime: 0 days 0:26 hours
Hyper-V role detected

CPU: total 8 (initial active 8) (4 cores per cpu, 2 threads per core) family 6 model 140 stepping 1 microcode 0xa4, cx8, cmov, fxsr, ht, mmx, 3dnowpref, sse, sse2, sse3, ssse3, sse4.1, sse4.2, popcnt, lzcnt, tsc, tscinvbit, avx, avx2, aes, erms, clmul, bmi1, bmi2, adx, avx512f, avx512dq, avx512cd, avx512bw, avx512vl, sha, fma, vzeroupper, avx512_vpopcntdq, avx512_vpclmulqdq, avx512_vaes, avx512_vnni, clflush, clflushopt, clwb, avx512_vbmi2, avx512_vbmi, hv

Memory: 4k page, system-wide physical 16122M (903M free)
TotalPageFile size 19371M (AvailPageFile size 193M)
current process WorkingSet (physical memory assigned to process): 11M, peak: 11M
current process commit charge ("private bytes"): 60M, peak: 312M

vm_info: OpenJDK 64-Bit Server VM (17.0.6+0-b2043.56-10027231) for windows-amd64 JRE (17.0.6+0-b2043.56-10027231), built on Apr 28 2023 00:43:19 by "androidbuild" with MS VC++ 16.10 / 16.11 (VS2019)

END.
